[debug] [2024-01-07T12:13:20.208Z] ----------------------------------------------------------------------
[debug] [2024-01-07T12:13:20.214Z] Command:       C:\Program Files\nodejs\node.exe C:\Users\Hashif\AppData\Roaming\npm\node_modules\firebase-tools\lib\bin\firebase.js init
[debug] [2024-01-07T12:13:20.215Z] CLI Version:   13.0.2
[debug] [2024-01-07T12:13:20.216Z] Platform:      win32
[debug] [2024-01-07T12:13:20.216Z] Node Version:  v20.9.0
[debug] [2024-01-07T12:13:20.217Z] Time:          Sun Jan 07 2024 04:13:20 GMT-0800 (Pacific Standard Time)
[debug] [2024-01-07T12:13:20.217Z] ----------------------------------------------------------------------
[debug] 
[debug] [2024-01-07T12:13:20.223Z] >>> [apiv2][query] GET https://firebase-public.firebaseio.com/cli.json [none]
[debug] [2024-01-07T12:13:20.475Z] > command requires scopes: ["email","openid","https://www.googleapis.com/auth/cloudplatformprojects.readonly","https://www.googleapis.com/auth/firebase","https://www.googleapis.com/auth/cloud-platform"]
[debug] [2024-01-07T12:13:20.476Z] > authorizing via signed-in user (hashiramanullah8@gmail.com)
[info] 
     ######## #### ########  ######## ########     ###     ######  ########
     ##        ##  ##     ## ##       ##     ##  ##   ##  ##       ##
     ######    ##  ########  ######   ########  #########  ######  ######
     ##        ##  ##    ##  ##       ##     ## ##     ##       ## ##
     ##       #### ##     ## ######## ########  ##     ##  ######  ########

You're about to initialize a Firebase project in this directory:

  D:\knext\pinterest_clone

Before we get started, keep in mind:

  * You are initializing within an existing Firebase project directory

[debug] [2024-01-07T12:13:21.046Z] <<< [apiv2][status] GET https://firebase-public.firebaseio.com/cli.json 200
[debug] [2024-01-07T12:13:21.046Z] <<< [apiv2][body] GET https://firebase-public.firebaseio.com/cli.json {"cloudBuildErrorAfter":1594252800000,"cloudBuildWarnAfter":1590019200000,"defaultNode10After":1594252800000,"minVersion":"3.0.5","node8DeploysDisabledAfter":1613390400000,"node8RuntimeDisabledAfter":1615809600000,"node8WarnAfter":1600128000000}
[info] 
=== Project Setup
[info] 
[info] First, let's associate this project directory with a Firebase project.
[info] You can create multiple project aliases by running firebase use --add, 
[info] but for now we'll just set up a default project.
[info] 
[debug] [2024-01-07T12:13:47.021Z] Using project from CLI flag: nextauth-409611
[debug] [2024-01-07T12:13:47.022Z] > refreshing access token with scopes: []
[debug] [2024-01-07T12:13:47.024Z] >>> [apiv2][query] POST https://www.googleapis.com/oauth2/v3/token [none]
[debug] [2024-01-07T12:13:47.024Z] >>> [apiv2][body] POST https://www.googleapis.com/oauth2/v3/token [omitted]
[debug] [2024-01-07T12:13:47.492Z] <<< [apiv2][status] POST https://www.googleapis.com/oauth2/v3/token 200
[debug] [2024-01-07T12:13:47.493Z] <<< [apiv2][body] POST https://www.googleapis.com/oauth2/v3/token [omitted]
[debug] [2024-01-07T12:13:47.519Z] >>> [apiv2][query] GET https://firebase.googleapis.com/v1beta1/projects/nextauth-409611 [none]
[debug] [2024-01-07T12:13:48.171Z] <<< [apiv2][status] GET https://firebase.googleapis.com/v1beta1/projects/nextauth-409611 200
[debug] [2024-01-07T12:13:48.171Z] <<< [apiv2][body] GET https://firebase.googleapis.com/v1beta1/projects/nextauth-409611 {"projectId":"nextauth-409611","projectNumber":"168763935519","displayName":"NextAuth","name":"projects/nextauth-409611","resources":{"hostingSite":"nextauth-409611","realtimeDatabaseInstance":"nextauth-409611-default-rtdb","storageBucket":"nextauth-409611.appspot.com","locationId":"us-central"},"state":"ACTIVE","etag":"1_29cb826d-76c8-4276-9a21-c0db259c2409"}
[info] i  Using project nextauth-409611 (NextAuth) 
[info] 
=== Hosting Setup
[debug] [2024-01-07T12:13:48.204Z] >>> [apiv2][query] GET https://firebase.googleapis.com/v1beta1/projects/nextauth-409611 [none]
[debug] [2024-01-07T12:13:48.497Z] <<< [apiv2][status] GET https://firebase.googleapis.com/v1beta1/projects/nextauth-409611 200
[debug] [2024-01-07T12:13:48.498Z] <<< [apiv2][body] GET https://firebase.googleapis.com/v1beta1/projects/nextauth-409611 {"projectId":"nextauth-409611","projectNumber":"168763935519","displayName":"NextAuth","name":"projects/nextauth-409611","resources":{"hostingSite":"nextauth-409611","realtimeDatabaseInstance":"nextauth-409611-default-rtdb","storageBucket":"nextauth-409611.appspot.com","locationId":"us-central"},"state":"ACTIVE","etag":"1_29cb826d-76c8-4276-9a21-c0db259c2409"}
[info] 
[info] Your public directory is the folder (relative to your project directory) that
[info] will contain Hosting assets to be uploaded with firebase deploy. If you
[info] have a build process for your assets, use your build's output directory.
[info] 
[info] i  Skipping write of public/404.html 
[debug] [2024-01-07T12:15:17.758Z] >>> [apiv2][query] GET https://www.gstatic.com/firebasejs/releases.json [none]
[debug] [2024-01-07T12:15:18.006Z] <<< [apiv2][status] GET https://www.gstatic.com/firebasejs/releases.json 200
[debug] [2024-01-07T12:15:18.006Z] <<< [apiv2][body] GET https://www.gstatic.com/firebasejs/releases.json {"current":{"version":"10.7.1","browserURL":"https://www.gstatic.com/firebasejs/10.7.1/firebase.js","packageURL":"https://www.gstatic.com/firebasejs/10.7.1/firebase.tgz"},"live":{"version":"10.7","browserURL":"https://www.gstatic.com/firebasejs/live/10.7/firebase.js","packageURL":"https://www.gstatic.com/firebasejs/live/10.7/firebase.tgz"},"components":{"analytics":"https://www.gstatic.com/firebasejs/10.7.1/firebase-analytics.js","app":"https://www.gstatic.com/firebasejs/10.7.1/firebase-app.js","app-check":"https://www.gstatic.com/firebasejs/10.7.1/firebase-app-check.js","auth":"https://www.gstatic.com/firebasejs/10.7.1/firebase-auth.js","auth/cordova":"https://www.gstatic.com/firebasejs/10.7.1/firebase-auth/cordova.js","functions":"https://www.gstatic.com/firebasejs/10.7.1/firebase-functions.js","firestore":"https://www.gstatic.com/firebasejs/10.7.1/firebase-firestore.js","firestore/lite":"https://www.gstatic.com/firebasejs/10.7.1/firebase-firestore/lite.js","installations":"https://www.gstatic.com/firebasejs/10.7.1/firebase-installations.js","storage":"https://www.gstatic.com/firebasejs/10.7.1/firebase-storage.js","performance":"https://www.gstatic.com/firebasejs/10.7.1/firebase-performance.js","remote-config":"https://www.gstatic.com/firebasejs/10.7.1/firebase-remote-config.js","messaging":"https://www.gstatic.com/firebasejs/10.7.1/firebase-messaging.js","messaging/sw":"https://www.gstatic.com/firebasejs/10.7.1/firebase-messaging/sw.js","database":"https://www.gstatic.com/firebasejs/10.7.1/firebase-database.js","firestore.memory":"https://www.gstatic.com/firebasejs/10.7.1/firebase-firestore.memory.js"}}
[info] i  Skipping write of public/index.html 
[info] 
[info] i  Detected a .git folder at D:\knext\pinterest_clone 
[info] i  Authorizing with GitHub to upload your service account to a GitHub repository's secrets store. 
[info] 
[info] Visit this URL on this device to log in:
[info] https://github.com/login/oauth/authorize?client_id=89cf50f02ac6aaed3484&state=324348415&redirect_uri=http%3A%2F%2Flocalhost%3A9005&scope=read%3Auser%20repo%20public_repo
[info] 
[info] Waiting for authentication...
[debug] [2024-01-07T12:15:22.986Z] >>> [apiv2][query] POST https://github.com/login/oauth/access_token [none]
[debug] [2024-01-07T12:15:22.986Z] >>> [apiv2][body] POST https://github.com/login/oauth/access_token [stream]
[debug] [2024-01-07T12:15:23.678Z] <<< [apiv2][status] POST https://github.com/login/oauth/access_token 200
[debug] [2024-01-07T12:15:23.678Z] <<< [apiv2][body] POST https://github.com/login/oauth/access_token {"access_token":"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","token_type":"bearer","scope":"read:user,repo"}
[debug] [2024-01-07T12:15:23.686Z] >>> [apiv2][query] GET https://api.github.com/user [none]
[debug] [2024-01-07T12:15:25.436Z] <<< [apiv2][status] GET https://api.github.com/user 200
[debug] [2024-01-07T12:15:25.437Z] <<< [apiv2][body] GET https://api.github.com/user {"login":"Hashiramanullah","id":117451199,"node_id":"U_kgDOBwApvw","avatar_url":"https://avatars.githubusercontent.com/u/117451199?v=4","gravatar_id":"","url":"https://api.github.com/users/Hashiramanullah","html_url":"https://github.com/Hashiramanullah","followers_url":"https://api.github.com/users/Hashiramanullah/followers","following_url":"https://api.github.com/users/Hashiramanullah/following{/other_user}","gists_url":"https://api.github.com/users/Hashiramanullah/gists{/gist_id}","starred_url":"https://api.github.com/users/Hashiramanullah/starred{/owner}{/repo}","subscriptions_url":"https://api.github.com/users/Hashiramanullah/subscriptions","organizations_url":"https://api.github.com/users/Hashiramanullah/orgs","repos_url":"https://api.github.com/users/Hashiramanullah/repos","events_url":"https://api.github.com/users/Hashiramanullah/events{/privacy}","received_events_url":"https://api.github.com/users/Hashiramanullah/received_events","type":"User","site_admin":false,"name":"HashirAmanullah","company":null,"blog":"","location":null,"email":null,"hireable":null,"bio":null,"twitter_username":null,"public_repos":38,"public_gists":0,"followers":0,"following":1,"created_at":"2022-11-04T12:01:54Z","updated_at":"2024-01-02T21:06:05Z","private_gists":0,"total_private_repos":14,"owned_private_repos":14,"disk_usage":491031,"collaborators":0,"two_factor_authentication":false,"plan":{"name":"free","space":976562499,"collaborators":0,"private_repos":10000}}
[info] 
[info] +  Success! Logged into GitHub as Hashiramanullah 
[info] 
